#
# There is insufficient memory for the Java Runtime Environment to continue.
# Native memory allocation (malloc) failed to allocate 1048576 bytes. Error detail: AllocateHeap
# Possible reasons:
#   The system is out of physical RAM or swap space
#   This process is running with CompressedOops enabled, and the Java Heap may be blocking the growth of the native heap
# Possible solutions:
#   Reduce memory load on the system
#   Increase physical memory or swap space
#   Check if swap backing store is full
#   Decrease Java heap size (-Xmx/-Xms)
#   Decrease number of Java threads
#   Decrease Java thread stack sizes (-Xss)
#   Set larger code cache with -XX:ReservedCodeCacheSize=
#   JVM is running with Unscaled Compressed Oops mode in which the Java heap is
#     placed in the first 4GB address space. The Java Heap base address is the
#     maximum limit for the native heap growth. Please use -XX:HeapBaseMinAddress
#     to set the Java Heap base and to place the Java Heap above 4GB virtual address.
# This output file may be truncated or incomplete.
#
#  Out of Memory Error (allocation.cpp:44), pid=28496, tid=14164
#
# JRE version: OpenJDK Runtime Environment Temurin-21.0.9+10 (21.0.9+10) (build 21.0.9+10-LTS)
# Java VM: OpenJDK 64-Bit Server VM Temurin-21.0.9+10 (21.0.9+10-LTS, mixed mode, sharing, tiered, compressed oops, compressed class ptrs, parallel gc, windows-amd64)
# No core dump will be written. Minidumps are not enabled by default on client versions of Windows
#

---------------  S U M M A R Y ------------

Command Line: --add-modules=ALL-SYSTEM --add-opens=java.base/java.util=ALL-UNNAMED --add-opens=java.base/java.lang=ALL-UNNAMED --add-opens=java.base/sun.nio.fs=ALL-UNNAMED -Declipse.application=org.eclipse.jdt.ls.core.id1 -Dosgi.bundles.defaultStartLevel=4 -Declipse.product=org.eclipse.jdt.ls.core.product -Djava.import.generatesMetadataFilesAtProjectRoot=false -DDetectVMInstallationsJob.disabled=true -Dfile.encoding=utf8 -XX:+UseParallelGC -XX:GCTimeRatio=4 -XX:AdaptiveSizePolicyWeight=90 -Dsun.zip.disableMemoryMapping=true -Xmx2G -Xms100m -Xlog:disable -javaagent:c:\Users\nguye\.vscode\extensions\redhat.java-1.50.0-win32-x64\lombok\lombok-1.18.39-4050.jar -XX:+HeapDumpOnOutOfMemoryError -XX:HeapDumpPath=c:\Users\nguye\AppData\Roaming\Code\User\workspaceStorage\06166e67fd30195ec54334ec4df9f8d0\redhat.java -Daether.dependencyCollector.impl=bf c:\Users\nguye\.vscode\extensions\redhat.java-1.50.0-win32-x64\server\plugins\org.eclipse.equinox.launcher_1.7.100.v20251111-0406.jar -configuration c:\Users\nguye\AppData\Roaming\Code\User\globalStorage\redhat.java\1.50.0\config_win -data c:\Users\nguye\AppData\Roaming\Code\User\workspaceStorage\06166e67fd30195ec54334ec4df9f8d0\redhat.java\jdt_ws --pipe=\\.\pipe\lsp-9609b746da8c57e98a808f534fcec7f4-sock

Host: 12th Gen Intel(R) Core(TM) i5-12500H, 16 cores, 15G,  Windows 11 , 64 bit Build 22621 (10.0.22621.5415)
Time: Sat Dec  6 17:12:48 2025 SE Asia Standard Time elapsed time: 12285.045101 seconds (0d 3h 24m 45s)

---------------  T H R E A D  ---------------

Current thread (0x00000283a1599a00):  JavaThread "Attach Listener" daemon [_thread_in_vm, id=14164, stack(0x000000aca2500000,0x000000aca2600000) (1024K)]

Stack: [0x000000aca2500000,0x000000aca2600000]
Native frames: (J=compiled Java code, j=interpreted, Vv=VM code, C=native code)
V  [jvm.dll+0x6d6e29]
V  [jvm.dll+0x8b4b76]
V  [jvm.dll+0x8b712e]
V  [jvm.dll+0x8b7813]
V  [jvm.dll+0x283d86]
V  [jvm.dll+0xc1277]
V  [jvm.dll+0x6d76d9]
V  [jvm.dll+0x133466]
V  [jvm.dll+0x3f7ea6]
V  [jvm.dll+0x85e9ad]
V  [jvm.dll+0x6d565d]
C  [ucrtbase.dll+0x29333]
C  [KERNEL32.DLL+0x1259d]
C  [ntdll.dll+0x5af78]


---------------  P R O C E S S  ---------------

Threads class SMR info:
_java_thread_list=0x0000028389fc2490, length=43, elements={
0x00000283a14f4230, 0x00000283a149dd10, 0x00000283a15974d0, 0x00000283a1598890,
0x00000283a1599a00, 0x00000283a159c4e0, 0x00000283a15a1820, 0x00000283a15a4370,
0x00000283a15a5060, 0x00000283fa543b30, 0x0000028384066150, 0x00000283844957d0,
0x00000283fa5bedd0, 0x000002838496dc20, 0x0000028384664fa0, 0x0000028384020ba0,
0x00000283844164e0, 0x0000028384969610, 0x0000028384969ca0, 0x000002838496b6e0,
0x000002838529b360, 0x000002838529e7e0, 0x000002838529b9f0, 0x0000028385299290,
0x000002838529c080, 0x000002838529d430, 0x000002838529c710, 0x000002838529dac0,
0x000002838529e150, 0x0000028385298570, 0x0000028385299fb0, 0x000002838529a640,
0x0000028385298c00, 0x0000028385297850, 0x000002838529acd0, 0x000002838529ee70,
0x00000283853f9ce0, 0x00000283853fd160, 0x00000283854005e0, 0x00000283853f9650,
0x00000283873763e0, 0x000002838cc47750, 0x000002838564d260
}

Java Threads: ( => current thread )
  0x00000283a14f4230 JavaThread "main"                              [_thread_blocked, id=25536, stack(0x000000aca1e00000,0x000000aca1f00000) (1024K)]
  0x00000283a149dd10 JavaThread "Reference Handler"          daemon [_thread_blocked, id=2044, stack(0x000000aca2200000,0x000000aca2300000) (1024K)]
  0x00000283a15974d0 JavaThread "Finalizer"                  daemon [_thread_blocked, id=29644, stack(0x000000aca2300000,0x000000aca2400000) (1024K)]
  0x00000283a1598890 JavaThread "Signal Dispatcher"          daemon [_thread_blocked, id=3556, stack(0x000000aca2400000,0x000000aca2500000) (1024K)]
=>0x00000283a1599a00 JavaThread "Attach Listener"            daemon [_thread_in_vm, id=14164, stack(0x000000aca2500000,0x000000aca2600000) (1024K)]
  0x00000283a159c4e0 JavaThread "Service Thread"             daemon [_thread_blocked, id=2136, stack(0x000000aca2600000,0x000000aca2700000) (1024K)]
  0x00000283a15a1820 JavaThread "Monitor Deflation Thread"   daemon [_thread_blocked, id=2576, stack(0x000000aca2700000,0x000000aca2800000) (1024K)]
  0x00000283a15a4370 JavaThread "C2 CompilerThread0"         daemon [_thread_blocked, id=12272, stack(0x000000aca2800000,0x000000aca2900000) (1024K)]
  0x00000283a15a5060 JavaThread "C1 CompilerThread0"         daemon [_thread_blocked, id=6072, stack(0x000000aca2900000,0x000000aca2a00000) (1024K)]
  0x00000283fa543b30 JavaThread "Common-Cleaner"             daemon [_thread_blocked, id=29464, stack(0x000000aca2c00000,0x000000aca2d00000) (1024K)]
  0x0000028384066150 JavaThread "Notification Thread"        daemon [_thread_blocked, id=20348, stack(0x000000aca2f00000,0x000000aca3000000) (1024K)]
  0x00000283844957d0 JavaThread "Active Thread: Equinox Container: 8094af6d-e46b-45bc-b08d-31822b325f1e"        [_thread_blocked, id=15240, stack(0x000000aca3700000,0x000000aca3800000) (1024K)]
  0x00000283fa5bedd0 JavaThread "Refresh Thread: Equinox Container: 8094af6d-e46b-45bc-b08d-31822b325f1e" daemon [_thread_blocked, id=33508, stack(0x000000aca2a00000,0x000000aca2b00000) (1024K)]
  0x000002838496dc20 JavaThread "Framework Event Dispatcher: Equinox Container: 8094af6d-e46b-45bc-b08d-31822b325f1e" daemon [_thread_blocked, id=28200, stack(0x000000aca2b00000,0x000000aca2c00000) (1024K)]
  0x0000028384664fa0 JavaThread "Start Level: Equinox Container: 8094af6d-e46b-45bc-b08d-31822b325f1e" daemon [_thread_blocked, id=33080, stack(0x000000aca2d00000,0x000000aca2e00000) (1024K)]
  0x0000028384020ba0 JavaThread "Bundle File Closer"         daemon [_thread_blocked, id=7520, stack(0x000000aca2e00000,0x000000aca2f00000) (1024K)]
  0x00000283844164e0 JavaThread "SCR Component Actor"        daemon [_thread_blocked, id=26212, stack(0x000000aca3c00000,0x000000aca3d00000) (1024K)]
  0x0000028384969610 JavaThread "Worker-JM"                         [_thread_blocked, id=24780, stack(0x000000aca3e00000,0x000000aca3f00000) (1024K)]
  0x0000028384969ca0 JavaThread "Java indexing"              daemon [_thread_blocked, id=14280, stack(0x000000aca4500000,0x000000aca4600000) (1024K)]
  0x000002838496b6e0 JavaThread "JNA Cleaner"                daemon [_thread_blocked, id=15776, stack(0x000000aca4600000,0x000000aca4700000) (1024K)]
  0x000002838529b360 JavaThread "Thread-1"                   daemon [_thread_in_native, id=20184, stack(0x000000aca4c00000,0x000000aca4d00000) (1024K)]
  0x000002838529e7e0 JavaThread "Thread-2"                   daemon [_thread_in_native, id=20920, stack(0x000000aca4d00000,0x000000aca4e00000) (1024K)]
  0x000002838529b9f0 JavaThread "Thread-3"                   daemon [_thread_in_native, id=30232, stack(0x000000aca4e00000,0x000000aca4f00000) (1024K)]
  0x0000028385299290 JavaThread "Thread-4"                   daemon [_thread_in_native, id=19000, stack(0x000000aca4f00000,0x000000aca5000000) (1024K)]
  0x000002838529c080 JavaThread "Thread-5"                   daemon [_thread_in_native, id=33152, stack(0x000000aca5000000,0x000000aca5100000) (1024K)]
  0x000002838529d430 JavaThread "Thread-6"                   daemon [_thread_in_native, id=2848, stack(0x000000aca5100000,0x000000aca5200000) (1024K)]
  0x000002838529c710 JavaThread "Thread-7"                   daemon [_thread_in_native, id=14268, stack(0x000000aca5200000,0x000000aca5300000) (1024K)]
  0x000002838529dac0 JavaThread "Thread-8"                   daemon [_thread_in_native, id=32184, stack(0x000000aca5300000,0x000000aca5400000) (1024K)]
  0x000002838529e150 JavaThread "Thread-9"                   daemon [_thread_in_native, id=15368, stack(0x000000aca5400000,0x000000aca5500000) (1024K)]
  0x0000028385298570 JavaThread "Thread-10"                  daemon [_thread_in_native, id=16820, stack(0x000000aca5500000,0x000000aca5600000) (1024K)]
  0x0000028385299fb0 JavaThread "Thread-11"                  daemon [_thread_in_native, id=30984, stack(0x000000aca5600000,0x000000aca5700000) (1024K)]
  0x000002838529a640 JavaThread "Thread-12"                  daemon [_thread_in_native, id=5228, stack(0x000000aca5700000,0x000000aca5800000) (1024K)]
  0x0000028385298c00 JavaThread "Thread-13"                  daemon [_thread_in_native, id=29452, stack(0x000000aca5800000,0x000000aca5900000) (1024K)]
  0x0000028385297850 JavaThread "Thread-14"                  daemon [_thread_in_native, id=11868, stack(0x000000aca5900000,0x000000aca5a00000) (1024K)]
  0x000002838529acd0 JavaThread "Thread-15"                  daemon [_thread_in_native, id=25736, stack(0x000000aca5a00000,0x000000aca5b00000) (1024K)]
  0x000002838529ee70 JavaThread "Thread-16"                  daemon [_thread_in_native, id=30552, stack(0x000000aca5b00000,0x000000aca5c00000) (1024K)]
  0x00000283853f9ce0 JavaThread "Thread-17"                  daemon [_thread_in_native, id=14852, stack(0x000000aca5c00000,0x000000aca5d00000) (1024K)]
  0x00000283853fd160 JavaThread "pool-2-thread-1"                   [_thread_blocked, id=27172, stack(0x000000aca5d00000,0x000000aca5e00000) (1024K)]
  0x00000283854005e0 JavaThread "WorkspaceEventsHandler"            [_thread_blocked, id=25316, stack(0x000000aca5e00000,0x000000aca5f00000) (1024K)]
  0x00000283853f9650 JavaThread "pool-1-thread-1"                   [_thread_blocked, id=8788, stack(0x000000aca5f00000,0x000000aca6000000) (1024K)]
  0x00000283873763e0 JavaThread "Cleaner-0"                  daemon [_thread_blocked, id=6180, stack(0x000000aca9e00000,0x000000aca9f00000) (1024K)]
  0x000002838cc47750 JavaThread "Worker-26"                         [_thread_blocked, id=2304, stack(0x000000aca6b00000,0x000000aca6c00000) (1024K)]
  0x000002838564d260 JavaThread "Worker-28"                         [_thread_blocked, id=1624, stack(0x000000aca7000000,0x000000aca7100000) (1024K)]
Total: 43

Other Threads:
  0x00000283a1590b10 VMThread "VM Thread"                           [id=23232, stack(0x000000aca2100000,0x000000aca2200000) (1024K)]
  0x00000283a137ca00 WatcherThread "VM Periodic Task Thread"        [id=13444, stack(0x000000aca2000000,0x000000aca2100000) (1024K)]
  0x00000283a1513310 WorkerThread "GC Thread#0"                     [id=31440, stack(0x000000aca1f00000,0x000000aca2000000) (1024K)]
  0x0000028384809c30 WorkerThread "GC Thread#1"                     [id=20624, stack(0x000000aca3100000,0x000000aca3200000) (1024K)]
  0x0000028384313a10 WorkerThread "GC Thread#2"                     [id=7200, stack(0x000000aca3200000,0x000000aca3300000) (1024K)]
  0x00000283849a98e0 WorkerThread "GC Thread#3"                     [id=31508, stack(0x000000aca3300000,0x000000aca3400000) (1024K)]
  0x00000283843adce0 WorkerThread "GC Thread#4"                     [id=26520, stack(0x000000aca3400000,0x000000aca3500000) (1024K)]
  0x00000283843ae080 WorkerThread "GC Thread#5"                     [id=20460, stack(0x000000aca3500000,0x000000aca3600000) (1024K)]
  0x00000283847caad0 WorkerThread "GC Thread#6"                     [id=360, stack(0x000000aca3600000,0x000000aca3700000) (1024K)]
  0x0000028384941110 WorkerThread "GC Thread#7"                     [id=11900, stack(0x000000aca3800000,0x000000aca3900000) (1024K)]
  0x00000283fa3988b0 WorkerThread "GC Thread#8"                     [id=16604, stack(0x000000aca3000000,0x000000aca3100000) (1024K)]
  0x00000283fa398510 WorkerThread "GC Thread#9"                     [id=11360, stack(0x000000aca3900000,0x000000aca3a00000) (1024K)]
  0x00000283fa398170 WorkerThread "GC Thread#10"                    [id=27960, stack(0x000000aca3a00000,0x000000aca3b00000) (1024K)]
  0x00000283fa397690 WorkerThread "GC Thread#11"                    [id=29920, stack(0x000000aca4000000,0x000000aca4100000) (1024K)]
  0x00000283fa396f50 WorkerThread "GC Thread#12"                    [id=30120, stack(0x000000aca4100000,0x000000aca4200000) (1024K)]
Total: 15

Threads with active compile tasks:
Total: 0

VM state: not at safepoint (normal execution)

VM Mutex/Monitor currently owned by a thread: None

Heap address: 0x0000000080000000, size: 2048 MB, Compressed Oops mode: 32-bit

CDS archive(s) mapped at: [0x00000283b8000000-0x00000283b8ba0000-0x00000283b8ba0000), size 12189696, SharedBaseAddress: 0x00000283b8000000, ArchiveRelocationMode: 1.
Compressed class space mapped at: 0x00000283b9000000-0x00000283f9000000, reserved size: 1073741824
Narrow klass base: 0x00000283b8000000, Narrow klass shift: 0, Narrow klass range: 0x100000000

GC Precious Log:
 CardTable entry size: 512
 CPUs: 16 total, 16 available
 Memory: 16088M
 Large Page Support: Disabled
 NUMA Support: Disabled
 Compressed Oops: Enabled (32-bit)
 Alignments: Space 512K, Generation 512K, Heap 2M
 Heap Min Capacity: 100M
 Heap Initial Capacity: 100M
 Heap Max Capacity: 2G
 Pre-touch: Disabled
 Parallel Workers: 13

Heap:
 PSYoungGen      total 43520K, used 22705K [0x00000000d5580000, 0x00000000d8a00000, 0x0000000100000000)
  eden space 41472K, 49% used [0x00000000d5580000,0x00000000d69acab0,0x00000000d7e00000)
  from space 2048K, 99% used [0x00000000d8600000,0x00000000d87ffd40,0x00000000d8800000)
  to   space 6144K, 0% used [0x00000000d7e00000,0x00000000d7e00000,0x00000000d8400000)
 ParOldGen       total 1246720K, used 443318K [0x0000000080000000, 0x00000000cc180000, 0x00000000d5580000)
  object space 1246720K, 35% used [0x0000000080000000,0x000000009b0ed968,0x00000000cc180000)
 Metaspace       used 158097K, committed 160320K, reserved 1245184K
  class space    used 17430K, committed 18496K, reserved 1048576K

Card table byte_map: [0x00000283a0e90000,0x00000283a12a0000] _byte_map_base: 0x00000283a0a90000

Marking Bits: (ParMarkBitMap*) 0x00007ff87b9e2460
 Begin Bits: [0x00000283b39a0000, 0x00000283b59a0000)
 End Bits:   [0x00000283b59a0000, 0x00000283b79a0000)

Polling page: 0x000002839f360000

Metaspace:

Usage:
  Non-class:    137.37 MB used.
      Class:     17.02 MB used.
       Both:    154.39 MB used.

Virtual space:
  Non-class space:      192.00 MB reserved,     138.50 MB ( 72%) committed,  3 nodes.
      Class space:        1.00 GB reserved,      18.06 MB (  2%) committed,  1 nodes.
             Both:        1.19 GB reserved,     156.56 MB ( 13%) committed. 

Chunk freelists:
   Non-Class:  4.57 MB
       Class:  13.96 MB
        Both:  18.53 MB

MaxMetaspaceSize: unlimited
CompressedClassSpaceSize: 1.00 GB
Initial GC threshold: 21.00 MB
Current GC threshold: 259.94 MB
CDS: on
 - commit_granule_bytes: 65536.
 - commit_granule_words: 8192.
 - virtual_space_node_default_size: 8388608.
 - enlarge_chunks_in_place: 1.
 - use_allocation_guard: 0.


Internal statistics:

num_allocs_failed_limit: 9.
num_arena_births: 2352.
num_arena_deaths: 578.
num_vsnodes_births: 4.
num_vsnodes_deaths: 0.
num_space_committed: 2506.
num_space_uncommitted: 7.
num_chunks_returned_to_freelist: 746.
num_chunks_taken_from_freelist: 9697.
num_chunk_merges: 223.
num_chunk_splits: 6214.
num_chunks_enlarged: 4189.
num_inconsistent_stats: 0.

CodeHeap 'non-profiled nmethods': size=119168Kb used=31598Kb max_used=32120Kb free=87569Kb
 bounds [0x00000283ac290000, 0x00000283ae220000, 0x00000283b36f0000]
CodeHeap 'profiled nmethods': size=119104Kb used=39271Kb max_used=63729Kb free=79832Kb
 bounds [0x00000283a46f0000, 0x00000283a8530000, 0x00000283abb40000]
CodeHeap 'non-nmethods': size=7488Kb used=1567Kb max_used=3343Kb free=5920Kb
 bounds [0x00000283abb40000, 0x00000283abeb0000, 0x00000283ac290000]
CodeCache: size=245760Kb, used=72436Kb, max_used=99192Kb, free=173321Kb
 total_blobs=19662, nmethods=18765, adapters=795, full_count=0
Compilation: enabled, stopped_count=0, restarted_count=0

Compilation events (20 events):
Event: 11193.353 Thread 0x00000283a15a5060 nmethod 44068 0x00000283ad084410 code [0x00000283ad0845a0, 0x00000283ad084668]
Event: 11193.372 Thread 0x00000283a15a4370 nmethod 44067 0x00000283ad083c90 code [0x00000283ad083e40, 0x00000283ad084298]
Event: 11218.307 Thread 0x00000283a15a5060 44069   !   3       java.util.concurrent.LinkedBlockingQueue::signalNotEmpty (33 bytes)
Event: 11218.323 Thread 0x00000283a15a5060 nmethod 44069 0x00000283a705f110 code [0x00000283a705f3a0, 0x00000283a705ff80]
Event: 11218.324 Thread 0x00000283a15a4370 44070       4       java.nio.file.Paths::get (5 bytes)
Event: 11218.372 Thread 0x00000283a15a4370 nmethod 44070 0x00000283ad082790 code [0x00000283ad0829e0, 0x00000283ad083370]
Event: 11252.388 Thread 0x00000283a15a5060 44071       3       org.eclipse.jdt.ls.core.internal.handlers.WorkspaceEventsHandler$$Lambda/0x00000283b9f0f680::accept (12 bytes)
Event: 11252.393 Thread 0x00000283a15a5060 nmethod 44071 0x00000283a705ea90 code [0x00000283a705ec60, 0x00000283a705ef70]
Event: 11252.393 Thread 0x00000283a15a5060 44072   !   3       org.eclipse.jdt.ls.core.internal.handlers.WorkspaceEventsHandler::lambda$1 (13 bytes)
Event: 11252.393 Thread 0x00000283a15a5060 nmethod 44072 0x00000283a705e610 code [0x00000283a705e7c0, 0x00000283a705e970]
Event: 11252.393 Thread 0x00000283a15a5060 44073   !   3       java.util.concurrent.LinkedBlockingQueue::put (119 bytes)
Event: 11252.404 Thread 0x00000283a15a5060 nmethod 44073 0x00000283a705b910 code [0x00000283a705bd20, 0x00000283a705da30]
Event: 11252.404 Thread 0x00000283a15a5060 44074   !   3       org.eclipse.jdt.ls.core.internal.handlers.WorkspaceEventsHandler::handleFileEvent (254 bytes)
Event: 11252.478 Thread 0x00000283a15a5060 nmethod 44074 0x00000283a836e290 code [0x00000283a836e740, 0x00000283a8370f58]
Event: 11702.127 Thread 0x00000283a15a5060 44077       3       java.lang.invoke.LambdaForm$DMH/0x00000283b9fea800::newInvokeSpecial (27 bytes)
Event: 11702.137 Thread 0x00000283a15a5060 nmethod 44077 0x00000283a705b010 code [0x00000283a705b200, 0x00000283a705b728]
Event: 11702.137 Thread 0x00000283a15a5060 44078       3       java.lang.invoke.LambdaForm$MH/0x00000283b9feac00::invoke (63 bytes)
Event: 11702.163 Thread 0x00000283a15a5060 nmethod 44078 0x00000283a836c790 code [0x00000283a836ca80, 0x00000283a836dcb0]
Event: 11702.163 Thread 0x00000283a15a5060 44079       3       java.lang.invoke.LambdaForm$MH/0x00000283b9feb000::invoke (63 bytes)
Event: 11702.165 Thread 0x00000283a15a5060 nmethod 44079 0x00000283a836ac90 code [0x00000283a836af80, 0x00000283a836c1b0]

GC Heap History (20 events):
Event: 8351.947 GC heap before
{Heap before GC invocations=9293 (full 15):
 PSYoungGen      total 59904K, used 59895K [0x00000000d5580000, 0x00000000d9e80000, 0x0000000100000000)
  eden space 53760K, 100% used [0x00000000d5580000,0x00000000d8a00000,0x00000000d8a00000)
  from space 6144K, 99% used [0x00000000d9400000,0x00000000d99fde60,0x00000000d9a00000)
  to   space 10240K, 0% used [0x00000000d8a00000,0x00000000d8a00000,0x00000000d9400000)
 ParOldGen       total 1246720K, used 408625K [0x0000000080000000, 0x00000000cc180000, 0x00000000d5580000)
  object space 1246720K, 32% used [0x0000000080000000,0x0000000098f0c690,0x00000000cc180000)
 Metaspace       used 158047K, committed 160256K, reserved 1245184K
  class space    used 17429K, committed 18496K, reserved 1048576K
}
Event: 8351.950 GC heap after
{Heap after GC invocations=9293 (full 15):
 PSYoungGen      total 55296K, used 2984K [0x00000000d5580000, 0x00000000d9480000, 0x0000000100000000)
  eden space 52224K, 0% used [0x00000000d5580000,0x00000000d5580000,0x00000000d8880000)
  from space 3072K, 97% used [0x00000000d8a00000,0x00000000d8cea390,0x00000000d8d00000)
  to   space 5632K, 0% used [0x00000000d8f00000,0x00000000d8f00000,0x00000000d9480000)
 ParOldGen       total 1246720K, used 410847K [0x0000000080000000, 0x00000000cc180000, 0x00000000d5580000)
  object space 1246720K, 32% used [0x0000000080000000,0x0000000099137e60,0x00000000cc180000)
 Metaspace       used 158047K, committed 160256K, reserved 1245184K
  class space    used 17429K, committed 18496K, reserved 1048576K
}
Event: 8352.921 GC heap before
{Heap before GC invocations=9294 (full 15):
 PSYoungGen      total 55296K, used 55208K [0x00000000d5580000, 0x00000000d9480000, 0x0000000100000000)
  eden space 52224K, 100% used [0x00000000d5580000,0x00000000d8880000,0x00000000d8880000)
  from space 3072K, 97% used [0x00000000d8a00000,0x00000000d8cea390,0x00000000d8d00000)
  to   space 5632K, 0% used [0x00000000d8f00000,0x00000000d8f00000,0x00000000d9480000)
 ParOldGen       total 1246720K, used 410847K [0x0000000080000000, 0x00000000cc180000, 0x00000000d5580000)
  object space 1246720K, 32% used [0x0000000080000000,0x0000000099137e60,0x00000000cc180000)
 Metaspace       used 158054K, committed 160256K, reserved 1245184K
  class space    used 17429K, committed 18496K, reserved 1048576K
}
Event: 8352.926 GC heap after
{Heap after GC invocations=9294 (full 15):
 PSYoungGen      total 55296K, used 4206K [0x00000000d5580000, 0x00000000d9380000, 0x0000000100000000)
  eden space 50688K, 0% used [0x00000000d5580000,0x00000000d5580000,0x00000000d8700000)
  from space 4608K, 91% used [0x00000000d8f00000,0x00000000d931b8a8,0x00000000d9380000)
  to   space 4608K, 0% used [0x00000000d8a80000,0x00000000d8a80000,0x00000000d8f00000)
 ParOldGen       total 1246720K, used 413490K [0x0000000080000000, 0x00000000cc180000, 0x00000000d5580000)
  object space 1246720K, 33% used [0x0000000080000000,0x00000000993cca88,0x00000000cc180000)
 Metaspace       used 158054K, committed 160256K, reserved 1245184K
  class space    used 17429K, committed 18496K, reserved 1048576K
}
Event: 8353.179 GC heap before
{Heap before GC invocations=9295 (full 15):
 PSYoungGen      total 55296K, used 54894K [0x00000000d5580000, 0x00000000d9380000, 0x0000000100000000)
  eden space 50688K, 100% used [0x00000000d5580000,0x00000000d8700000,0x00000000d8700000)
  from space 4608K, 91% used [0x00000000d8f00000,0x00000000d931b8a8,0x00000000d9380000)
  to   space 4608K, 0% used [0x00000000d8a80000,0x00000000d8a80000,0x00000000d8f00000)
 ParOldGen       total 1246720K, used 413490K [0x0000000080000000, 0x00000000cc180000, 0x00000000d5580000)
  object space 1246720K, 33% used [0x0000000080000000,0x00000000993cca88,0x00000000cc180000)
 Metaspace       used 158054K, committed 160256K, reserved 1245184K
  class space    used 17429K, committed 18496K, reserved 1048576K
}
Event: 8353.188 GC heap after
{Heap after GC invocations=9295 (full 15):
 PSYoungGen      total 53760K, used 4587K [0x00000000d5580000, 0x00000000d9880000, 0x0000000100000000)
  eden space 49152K, 0% used [0x00000000d5580000,0x00000000d5580000,0x00000000d8580000)
  from space 4608K, 99% used [0x00000000d8a80000,0x00000000d8efade8,0x00000000d8f00000)
  to   space 9728K, 0% used [0x00000000d8f00000,0x00000000d8f00000,0x00000000d9880000)
 ParOldGen       total 1246720K, used 417590K [0x0000000080000000, 0x00000000cc180000, 0x00000000d5580000)
  object space 1246720K, 33% used [0x0000000080000000,0x00000000997cdae8,0x00000000cc180000)
 Metaspace       used 158054K, committed 160256K, reserved 1245184K
  class space    used 17429K, committed 18496K, reserved 1048576K
}
Event: 8353.968 GC heap before
{Heap before GC invocations=9296 (full 15):
 PSYoungGen      total 53760K, used 53739K [0x00000000d5580000, 0x00000000d9880000, 0x0000000100000000)
  eden space 49152K, 100% used [0x00000000d5580000,0x00000000d8580000,0x00000000d8580000)
  from space 4608K, 99% used [0x00000000d8a80000,0x00000000d8efade8,0x00000000d8f00000)
  to   space 9728K, 0% used [0x00000000d8f00000,0x00000000d8f00000,0x00000000d9880000)
 ParOldGen       total 1246720K, used 417590K [0x0000000080000000, 0x00000000cc180000, 0x00000000d5580000)
  object space 1246720K, 33% used [0x0000000080000000,0x00000000997cdae8,0x00000000cc180000)
 Metaspace       used 158054K, committed 160256K, reserved 1245184K
  class space    used 17429K, committed 18496K, reserved 1048576K
}
Event: 8353.976 GC heap after
{Heap after GC invocations=9296 (full 15):
 PSYoungGen      total 51712K, used 3888K [0x00000000d5580000, 0x00000000d9300000, 0x0000000100000000)
  eden space 47616K, 0% used [0x00000000d5580000,0x00000000d5580000,0x00000000d8400000)
  from space 4096K, 94% used [0x00000000d8f00000,0x00000000d92cc280,0x00000000d9300000)
  to   space 5632K, 0% used [0x00000000d8800000,0x00000000d8800000,0x00000000d8d80000)
 ParOldGen       total 1246720K, used 421486K [0x0000000080000000, 0x00000000cc180000, 0x00000000d5580000)
  object space 1246720K, 33% used [0x0000000080000000,0x0000000099b9b980,0x00000000cc180000)
 Metaspace       used 158054K, committed 160256K, reserved 1245184K
  class space    used 17429K, committed 18496K, reserved 1048576K
}
Event: 8355.698 GC heap before
{Heap before GC invocations=9297 (full 15):
 PSYoungGen      total 51712K, used 51504K [0x00000000d5580000, 0x00000000d9300000, 0x0000000100000000)
  eden space 47616K, 100% used [0x00000000d5580000,0x00000000d8400000,0x00000000d8400000)
  from space 4096K, 94% used [0x00000000d8f00000,0x00000000d92cc280,0x00000000d9300000)
  to   space 5632K, 0% used [0x00000000d8800000,0x00000000d8800000,0x00000000d8d80000)
 ParOldGen       total 1246720K, used 421486K [0x0000000080000000, 0x00000000cc180000, 0x00000000d5580000)
  object space 1246720K, 33% used [0x0000000080000000,0x0000000099b9b980,0x00000000cc180000)
 Metaspace       used 158055K, committed 160256K, reserved 1245184K
  class space    used 17429K, committed 18496K, reserved 1048576K
}
Event: 8355.704 GC heap after
{Heap after GC invocations=9297 (full 15):
 PSYoungGen      total 51200K, used 4228K [0x00000000d5580000, 0x00000000d8f80000, 0x0000000100000000)
  eden space 46592K, 0% used [0x00000000d5580000,0x00000000d5580000,0x00000000d8300000)
  from space 4608K, 91% used [0x00000000d8800000,0x00000000d8c21080,0x00000000d8c80000)
  to   space 3072K, 0% used [0x00000000d8c80000,0x00000000d8c80000,0x00000000d8f80000)
 ParOldGen       total 1246720K, used 425229K [0x0000000080000000, 0x00000000cc180000, 0x00000000d5580000)
  object space 1246720K, 34% used [0x0000000080000000,0x0000000099f437e0,0x00000000cc180000)
 Metaspace       used 158055K, committed 160256K, reserved 1245184K
  class space    used 17429K, committed 18496K, reserved 1048576K
}
Event: 8360.805 GC heap before
{Heap before GC invocations=9298 (full 15):
 PSYoungGen      total 51200K, used 50820K [0x00000000d5580000, 0x00000000d8f80000, 0x0000000100000000)
  eden space 46592K, 100% used [0x00000000d5580000,0x00000000d8300000,0x00000000d8300000)
  from space 4608K, 91% used [0x00000000d8800000,0x00000000d8c21080,0x00000000d8c80000)
  to   space 3072K, 0% used [0x00000000d8c80000,0x00000000d8c80000,0x00000000d8f80000)
 ParOldGen       total 1246720K, used 425229K [0x0000000080000000, 0x00000000cc180000, 0x00000000d5580000)
  object space 1246720K, 34% used [0x0000000080000000,0x0000000099f437e0,0x00000000cc180000)
 Metaspace       used 158060K, committed 160256K, reserved 1245184K
  class space    used 17429K, committed 18496K, reserved 1048576K
}
Event: 8360.814 GC heap after
{Heap after GC invocations=9298 (full 15):
 PSYoungGen      total 48640K, used 3051K [0x00000000d5580000, 0x00000000d9300000, 0x0000000100000000)
  eden space 45568K, 0% used [0x00000000d5580000,0x00000000d5580000,0x00000000d8200000)
  from space 3072K, 99% used [0x00000000d8c80000,0x00000000d8f7ac50,0x00000000d8f80000)
  to   space 8704K, 0% used [0x00000000d8200000,0x00000000d8200000,0x00000000d8a80000)
 ParOldGen       total 1246720K, used 430018K [0x0000000080000000, 0x00000000cc180000, 0x00000000d5580000)
  object space 1246720K, 34% used [0x0000000080000000,0x000000009a3f08d0,0x00000000cc180000)
 Metaspace       used 158060K, committed 160256K, reserved 1245184K
  class space    used 17429K, committed 18496K, reserved 1048576K
}
Event: 8362.805 GC heap before
{Heap before GC invocations=9299 (full 15):
 PSYoungGen      total 48640K, used 48619K [0x00000000d5580000, 0x00000000d9300000, 0x0000000100000000)
  eden space 45568K, 100% used [0x00000000d5580000,0x00000000d8200000,0x00000000d8200000)
  from space 3072K, 99% used [0x00000000d8c80000,0x00000000d8f7ac50,0x00000000d8f80000)
  to   space 8704K, 0% used [0x00000000d8200000,0x00000000d8200000,0x00000000d8a80000)
 ParOldGen       total 1246720K, used 430018K [0x0000000080000000, 0x00000000cc180000, 0x00000000d5580000)
  object space 1246720K, 34% used [0x0000000080000000,0x000000009a3f08d0,0x00000000cc180000)
 Metaspace       used 158064K, committed 160256K, reserved 1245184K
  class space    used 17429K, committed 18496K, reserved 1048576K
}
Event: 8362.811 GC heap after
{Heap after GC invocations=9299 (full 15):
 PSYoungGen      total 48640K, used 3915K [0x00000000d5580000, 0x00000000d8d00000, 0x0000000100000000)
  eden space 44544K, 0% used [0x00000000d5580000,0x00000000d5580000,0x00000000d8100000)
  from space 4096K, 95% used [0x00000000d8200000,0x00000000d85d2c70,0x00000000d8600000)
  to   space 5632K, 0% used [0x00000000d8780000,0x00000000d8780000,0x00000000d8d00000)
 ParOldGen       total 1246720K, used 433081K [0x0000000080000000, 0x00000000cc180000, 0x00000000d5580000)
  object space 1246720K, 34% used [0x0000000080000000,0x000000009a6ee540,0x00000000cc180000)
 Metaspace       used 158064K, committed 160256K, reserved 1245184K
  class space    used 17429K, committed 18496K, reserved 1048576K
}
Event: 8594.397 GC heap before
{Heap before GC invocations=9300 (full 15):
 PSYoungGen      total 48640K, used 48459K [0x00000000d5580000, 0x00000000d8d00000, 0x0000000100000000)
  eden space 44544K, 100% used [0x00000000d5580000,0x00000000d8100000,0x00000000d8100000)
  from space 4096K, 95% used [0x00000000d8200000,0x00000000d85d2c70,0x00000000d8600000)
  to   space 5632K, 0% used [0x00000000d8780000,0x00000000d8780000,0x00000000d8d00000)
 ParOldGen       total 1246720K, used 433081K [0x0000000080000000, 0x00000000cc180000, 0x00000000d5580000)
  object space 1246720K, 34% used [0x0000000080000000,0x000000009a6ee540,0x00000000cc180000)
 Metaspace       used 158066K, committed 160320K, reserved 1245184K
  class space    used 17429K, committed 18496K, reserved 1048576K
}
Event: 8594.409 GC heap after
{Heap after GC invocations=9300 (full 15):
 PSYoungGen      total 47104K, used 3490K [0x00000000d5580000, 0x00000000d8b00000, 0x0000000100000000)
  eden space 43520K, 0% used [0x00000000d5580000,0x00000000d5580000,0x00000000d8000000)
  from space 3584K, 97% used [0x00000000d8780000,0x00000000d8ae8870,0x00000000d8b00000)
  to   space 4096K, 0% used [0x00000000d8300000,0x00000000d8300000,0x00000000d8700000)
 ParOldGen       total 1246720K, used 436796K [0x0000000080000000, 0x00000000cc180000, 0x00000000d5580000)
  object space 1246720K, 35% used [0x0000000080000000,0x000000009aa8f1d0,0x00000000cc180000)
 Metaspace       used 158066K, committed 160320K, reserved 1245184K
  class space    used 17429K, committed 18496K, reserved 1048576K
}
Event: 9116.309 GC heap before
{Heap before GC invocations=9301 (full 15):
 PSYoungGen      total 47104K, used 47010K [0x00000000d5580000, 0x00000000d8b00000, 0x0000000100000000)
  eden space 43520K, 100% used [0x00000000d5580000,0x00000000d8000000,0x00000000d8000000)
  from space 3584K, 97% used [0x00000000d8780000,0x00000000d8ae8870,0x00000000d8b00000)
  to   space 4096K, 0% used [0x00000000d8300000,0x00000000d8300000,0x00000000d8700000)
 ParOldGen       total 1246720K, used 436796K [0x0000000080000000, 0x00000000cc180000, 0x00000000d5580000)
  object space 1246720K, 35% used [0x0000000080000000,0x000000009aa8f1d0,0x00000000cc180000)
 Metaspace       used 158071K, committed 160320K, reserved 1245184K
  class space    used 17429K, committed 18496K, reserved 1048576K
}
Event: 9116.321 GC heap after
{Heap after GC invocations=9301 (full 15):
 PSYoungGen      total 45568K, used 2586K [0x00000000d5580000, 0x00000000d8800000, 0x0000000100000000)
  eden space 42496K, 0% used [0x00000000d5580000,0x00000000d5580000,0x00000000d7f00000)
  from space 3072K, 84% used [0x00000000d8300000,0x00000000d8586900,0x00000000d8600000)
  to   space 2048K, 0% used [0x00000000d8600000,0x00000000d8600000,0x00000000d8800000)
 ParOldGen       total 1246720K, used 440062K [0x0000000080000000, 0x00000000cc180000, 0x00000000d5580000)
  object space 1246720K, 35% used [0x0000000080000000,0x000000009adbfa70,0x00000000cc180000)
 Metaspace       used 158071K, committed 160320K, reserved 1245184K
  class space    used 17429K, committed 18496K, reserved 1048576K
}
Event: 9116.509 GC heap before
{Heap before GC invocations=9302 (full 15):
 PSYoungGen      total 45568K, used 45082K [0x00000000d5580000, 0x00000000d8800000, 0x0000000100000000)
  eden space 42496K, 100% used [0x00000000d5580000,0x00000000d7f00000,0x00000000d7f00000)
  from space 3072K, 84% used [0x00000000d8300000,0x00000000d8586900,0x00000000d8600000)
  to   space 2048K, 0% used [0x00000000d8600000,0x00000000d8600000,0x00000000d8800000)
 ParOldGen       total 1246720K, used 440062K [0x0000000080000000, 0x00000000cc180000, 0x00000000d5580000)
  object space 1246720K, 35% used [0x0000000080000000,0x000000009adbfa70,0x00000000cc180000)
 Metaspace       used 158071K, committed 160320K, reserved 1245184K
  class space    used 17429K, committed 18496K, reserved 1048576K
}
Event: 9116.518 GC heap after
{Heap after GC invocations=9302 (full 15):
 PSYoungGen      total 43520K, used 2047K [0x00000000d5580000, 0x00000000d8a00000, 0x0000000100000000)
  eden space 41472K, 0% used [0x00000000d5580000,0x00000000d5580000,0x00000000d7e00000)
  from space 2048K, 99% used [0x00000000d8600000,0x00000000d87ffd40,0x00000000d8800000)
  to   space 6144K, 0% used [0x00000000d7e00000,0x00000000d7e00000,0x00000000d8400000)
 ParOldGen       total 1246720K, used 443318K [0x0000000080000000, 0x00000000cc180000, 0x00000000d5580000)
  object space 1246720K, 35% used [0x0000000080000000,0x000000009b0ed968,0x00000000cc180000)
 Metaspace       used 158071K, committed 160320K, reserved 1245184K
  class space    used 17429K, committed 18496K, reserved 1048576K
}

Dll operation events (14 events):
Event: 0.024 Loaded shared library c:\Users\nguye\.vscode\extensions\redhat.java-1.50.0-win32-x64\jre\21.0.9-win32-x86_64\bin\java.dll
Event: 0.116 Loaded shared library c:\Users\nguye\.vscode\extensions\redhat.java-1.50.0-win32-x64\jre\21.0.9-win32-x86_64\bin\zip.dll
Event: 0.141 Loaded shared library C:\Users\nguye\.vscode\extensions\redhat.java-1.50.0-win32-x64\jre\21.0.9-win32-x86_64\bin\instrument.dll
Event: 0.146 Loaded shared library C:\Users\nguye\.vscode\extensions\redhat.java-1.50.0-win32-x64\jre\21.0.9-win32-x86_64\bin\net.dll
Event: 0.194 Loaded shared library C:\Users\nguye\.vscode\extensions\redhat.java-1.50.0-win32-x64\jre\21.0.9-win32-x86_64\bin\nio.dll
Event: 0.197 Loaded shared library C:\Users\nguye\.vscode\extensions\redhat.java-1.50.0-win32-x64\jre\21.0.9-win32-x86_64\bin\zip.dll
Event: 0.214 Loaded shared library C:\Users\nguye\.vscode\extensions\redhat.java-1.50.0-win32-x64\jre\21.0.9-win32-x86_64\bin\jimage.dll
Event: 0.347 Loaded shared library c:\Users\nguye\.vscode\extensions\redhat.java-1.50.0-win32-x64\jre\21.0.9-win32-x86_64\bin\verify.dll
Event: 9.230 Loaded shared library C:\Users\nguye\AppData\Roaming\Code\User\globalStorage\redhat.java\1.50.0\config_win\org.eclipse.equinox.launcher\org.eclipse.equinox.launcher.win32.win32.x86_64_1.2.1400.v20250801-0854\eclipse_11916.dll
Event: 23.773 Loaded shared library C:\Users\nguye\.vscode\extensions\redhat.java-1.50.0-win32-x64\jre\21.0.9-win32-x86_64\bin\management.dll
Event: 23.775 Loaded shared library C:\Users\nguye\.vscode\extensions\redhat.java-1.50.0-win32-x64\jre\21.0.9-win32-x86_64\bin\management_ext.dll
Event: 25.521 Loaded shared library C:\Users\nguye\AppData\Local\Temp\jna-104772072\jna15968732856868221471.dll
Event: 26.052 Loaded shared library C:\Users\nguye\.vscode\extensions\redhat.java-1.50.0-win32-x64\jre\21.0.9-win32-x86_64\bin\sunmscapi.dll
Event: 26.234 Loaded shared library C:\Users\nguye\.vscode\extensions\redhat.java-1.50.0-win32-x64\jre\21.0.9-win32-x86_64\bin\extnet.dll

Deoptimization events (20 events):
Event: 8350.685 Thread 0x000002838cc45d10 Uncommon trap: trap_request=0xffffffbe fr.pc=0x00000283ad673ecc relative=0x000000000000256c
Event: 8350.685 Thread 0x000002838cc45d10 Uncommon trap: reason=profile_predicate action=maybe_recompile pc=0x00000283ad673ecc method=org.eclipse.jdt.internal.compiler.lookup.ParameterizedGenericMethodBinding.computeCompatibleMethod18(Lorg/eclipse/jdt/internal/compiler/lookup/MethodBinding;[Lorg/
Event: 8350.685 Thread 0x000002838cc45d10 DEOPT PACKING pc=0x00000283ad673ecc sp=0x000000aca63fe400
Event: 8350.685 Thread 0x000002838cc45d10 DEOPT UNPACKING pc=0x00000283abb93aa2 sp=0x000000aca63fe378 mode 2
Event: 8351.071 Thread 0x000002838cc46a30 Uncommon trap: trap_request=0xffffff45 fr.pc=0x00000283ad3bd2c4 relative=0x0000000000000304
Event: 8351.071 Thread 0x000002838cc46a30 Uncommon trap: reason=unstable_if action=reinterpret pc=0x00000283ad3bd2c4 method=org.eclipse.core.internal.jobs.JobQueue$2.hasNext()Z @ 14 c2
Event: 8351.071 Thread 0x000002838cc46a30 DEOPT PACKING pc=0x00000283ad3bd2c4 sp=0x000000aca68ff3d0
Event: 8351.071 Thread 0x000002838cc46a30 DEOPT UNPACKING pc=0x00000283abb93aa2 sp=0x000000aca68ff300 mode 2
Event: 8351.534 Thread 0x000002838cc45d10 Uncommon trap: trap_request=0xffffffc6 fr.pc=0x00000283ad13de6c relative=0x000000000000058c
Event: 8351.534 Thread 0x000002838cc45d10 Uncommon trap: reason=bimorphic_or_optimized_type_check action=maybe_recompile pc=0x00000283ad13de6c method=org.eclipse.jdt.internal.compiler.lookup.ConstraintExceptionFormula.inputVariables(Lorg/eclipse/jdt/internal/compiler/lookup/InferenceContext18;)Lj
Event: 8351.534 Thread 0x000002838cc45d10 DEOPT PACKING pc=0x00000283ad13de6c sp=0x000000aca63fe4d0
Event: 8351.534 Thread 0x000002838cc45d10 DEOPT UNPACKING pc=0x00000283abb93aa2 sp=0x000000aca63fe440 mode 2
Event: 8351.534 Thread 0x000002838cc45d10 Uncommon trap: trap_request=0xffffffc6 fr.pc=0x00000283ad13de6c relative=0x000000000000058c
Event: 8351.534 Thread 0x000002838cc45d10 Uncommon trap: reason=bimorphic_or_optimized_type_check action=maybe_recompile pc=0x00000283ad13de6c method=org.eclipse.jdt.internal.compiler.lookup.ConstraintExceptionFormula.inputVariables(Lorg/eclipse/jdt/internal/compiler/lookup/InferenceContext18;)Lj
Event: 8351.534 Thread 0x000002838cc45d10 DEOPT PACKING pc=0x00000283ad13de6c sp=0x000000aca63fe580
Event: 8351.534 Thread 0x000002838cc45d10 DEOPT UNPACKING pc=0x00000283abb93aa2 sp=0x000000aca63fe4f0 mode 2
Event: 8351.733 Thread 0x000002838cc45d10 Uncommon trap: trap_request=0xffffffde fr.pc=0x00000283ad5fdadc relative=0x00000000000006dc
Event: 8351.733 Thread 0x000002838cc45d10 Uncommon trap: reason=class_check action=maybe_recompile pc=0x00000283ad5fdadc method=org.eclipse.jdt.internal.compiler.ast.Statement.generateArguments(Lorg/eclipse/jdt/internal/compiler/lookup/MethodBinding;[Lorg/eclipse/jdt/internal/compiler/ast/Express
Event: 8351.733 Thread 0x000002838cc45d10 DEOPT PACKING pc=0x00000283ad5fdadc sp=0x000000aca63feaa0
Event: 8351.733 Thread 0x000002838cc45d10 DEOPT UNPACKING pc=0x00000283abb93aa2 sp=0x000000aca63fe9f0 mode 2

Classes loaded (20 events):
Event: 8319.231 Loading class jdk/internal/module/IllegalAccessLogger
Event: 8319.231 Loading class jdk/internal/module/IllegalAccessLogger done
Event: 8319.708 Loading class jdk/internal/module/IllegalAccessLogger
Event: 8319.708 Loading class jdk/internal/module/IllegalAccessLogger done
Event: 8320.037 Loading class jdk/internal/module/IllegalAccessLogger
Event: 8320.037 Loading class jdk/internal/module/IllegalAccessLogger done
Event: 8343.522 Loading class jdk/internal/module/IllegalAccessLogger
Event: 8343.522 Loading class jdk/internal/module/IllegalAccessLogger done
Event: 8343.916 Loading class jdk/internal/module/IllegalAccessLogger
Event: 8343.916 Loading class jdk/internal/module/IllegalAccessLogger done
Event: 8350.368 Loading class jdk/internal/module/IllegalAccessLogger
Event: 8350.368 Loading class jdk/internal/module/IllegalAccessLogger done
Event: 8350.764 Loading class jdk/internal/module/IllegalAccessLogger
Event: 8350.764 Loading class jdk/internal/module/IllegalAccessLogger done
Event: 8351.500 Loading class jdk/internal/module/IllegalAccessLogger
Event: 8351.500 Loading class jdk/internal/module/IllegalAccessLogger done
Event: 8351.713 Loading class jdk/internal/module/IllegalAccessLogger
Event: 8351.713 Loading class jdk/internal/module/IllegalAccessLogger done
Event: 8351.863 Loading class jdk/internal/module/IllegalAccessLogger
Event: 8351.863 Loading class jdk/internal/module/IllegalAccessLogger done

Classes unloaded (20 events):
Event: 8348.246 Thread 0x00000283a1590b10 Unloading class 0x00000283b9ab97e0 'org/apache/maven/shared/filtering/MavenFileFilterRequest'
Event: 8348.246 Thread 0x00000283a1590b10 Unloading class 0x00000283b9ab95e0 'org/codehaus/plexus/interpolation/Interpolator'
Event: 8348.246 Thread 0x00000283a1590b10 Unloading class 0x00000283b9ab93e0 'org/codehaus/plexus/interpolation/BasicInterpolator'
Event: 8348.246 Thread 0x00000283a1590b10 Unloading class 0x00000283b9ab91e0 'org/codehaus/plexus/interpolation/ValueSource'
Event: 8348.246 Thread 0x00000283a1590b10 Unloading class 0x00000283b9ab8e18 'org/apache/maven/shared/filtering/MavenResourcesExecution'
Event: 8348.246 Thread 0x00000283a1590b10 Unloading class 0x00000283b9ab8b40 'org/apache/maven/shared/filtering/AbstractMavenFilteringRequest'
Event: 8348.246 Thread 0x00000283a1590b10 Unloading class 0x00000283b9ab88e0 'org/apache/maven/shared/filtering/MavenFilteringException'
Event: 8348.246 Thread 0x00000283a1590b10 Unloading class 0x00000283b9ab8690 'org/apache/maven/shared/filtering/DefaultMavenResourcesFiltering'
Event: 8348.246 Thread 0x00000283a1590b10 Unloading class 0x00000283b9ab8490 'org/apache/maven/shared/filtering/MavenResourcesFiltering'
Event: 8348.246 Thread 0x00000283a1590b10 Unloading class 0x00000283b9ab8200 'org/apache/maven/shared/filtering/DefaultMavenReaderFilter'
Event: 8348.246 Thread 0x00000283a1590b10 Unloading class 0x00000283b9ab8000 'org/apache/maven/shared/filtering/MavenReaderFilter'
Event: 8348.246 Thread 0x00000283a1590b10 Unloading class 0x00000283b9ab7be8 'org/apache/maven/shared/filtering/DefaultMavenFileFilter'
Event: 8348.246 Thread 0x00000283a1590b10 Unloading class 0x00000283b9ab7998 'org/apache/maven/shared/filtering/BaseFilter'
Event: 8348.246 Thread 0x00000283a1590b10 Unloading class 0x00000283b9ab7798 'org/apache/maven/shared/filtering/MavenFileFilter'
Event: 8348.246 Thread 0x00000283a1590b10 Unloading class 0x00000283b9ab7598 'org/apache/maven/shared/filtering/DefaultFilterInfo'
Event: 8348.246 Thread 0x00000283a1590b10 Unloading class 0x00000283b9ab7288 'org/apache/maven/plugins/resources/TestResourcesMojo'
Event: 8348.246 Thread 0x00000283a1590b10 Unloading class 0x00000283b9ab7000 'org/apache/maven/plugins/maven_resources_plugin/HelpMojo'
Event: 8348.246 Thread 0x00000283a1590b10 Unloading class 0x00000283b9ab6b10 'org/apache/maven/plugins/resources/CopyResourcesMojo'
Event: 8348.246 Thread 0x00000283a1590b10 Unloading class 0x00000283b9ab6800 'org/apache/maven/plugins/resources/ResourcesMojo'
Event: 8348.246 Thread 0x00000283a1590b10 Unloading class 0x00000283b9014800 'java/lang/invoke/LambdaForm$MH+0x00000283b9014800'

Classes redefined (0 events):
No events

Internal exceptions (20 events):
Event: 8594.392 Thread 0x000002838564d260 Exception <a 'sun/nio/fs/WindowsException'{0x00000000d7faa6d8}> (0x00000000d7faa6d8) 
thrown [s\src\hotspot\share\prims\jni.cpp, line 520]
Event: 8594.392 Thread 0x000002838564d260 Exception <a 'sun/nio/fs/WindowsException'{0x00000000d7faafa0}> (0x00000000d7faafa0) 
thrown [s\src\hotspot\share\prims\jni.cpp, line 520]
Event: 8594.392 Thread 0x000002838564d260 Exception <a 'sun/nio/fs/WindowsException'{0x00000000d7faca78}> (0x00000000d7faca78) 
thrown [s\src\hotspot\share\prims\jni.cpp, line 520]
Event: 8594.392 Thread 0x000002838564d260 Exception <a 'sun/nio/fs/WindowsException'{0x00000000d7fad340}> (0x00000000d7fad340) 
thrown [s\src\hotspot\share\prims\jni.cpp, line 520]
Event: 8594.392 Thread 0x000002838564d260 Exception <a 'sun/nio/fs/WindowsException'{0x00000000d7fafaf8}> (0x00000000d7fafaf8) 
thrown [s\src\hotspot\share\prims\jni.cpp, line 520]
Event: 8594.392 Thread 0x000002838564d260 Exception <a 'sun/nio/fs/WindowsException'{0x00000000d7fb03c0}> (0x00000000d7fb03c0) 
thrown [s\src\hotspot\share\prims\jni.cpp, line 520]
Event: 8594.393 Thread 0x000002838564d260 Exception <a 'sun/nio/fs/WindowsException'{0x00000000d7fb2da8}> (0x00000000d7fb2da8) 
thrown [s\src\hotspot\share\prims\jni.cpp, line 520]
Event: 8594.393 Thread 0x000002838564d260 Exception <a 'sun/nio/fs/WindowsException'{0x00000000d7fb3670}> (0x00000000d7fb3670) 
thrown [s\src\hotspot\share\prims\jni.cpp, line 520]
Event: 8594.394 Thread 0x000002838564d260 Exception <a 'sun/nio/fs/WindowsException'{0x00000000d7fb4b58}> (0x00000000d7fb4b58) 
thrown [s\src\hotspot\share\prims\jni.cpp, line 520]
Event: 8594.394 Thread 0x000002838564d260 Exception <a 'sun/nio/fs/WindowsException'{0x00000000d7fb5420}> (0x00000000d7fb5420) 
thrown [s\src\hotspot\share\prims\jni.cpp, line 520]
Event: 8594.394 Thread 0x000002838564d260 Exception <a 'sun/nio/fs/WindowsException'{0x00000000d7fb6a38}> (0x00000000d7fb6a38) 
thrown [s\src\hotspot\share\prims\jni.cpp, line 520]
Event: 8594.394 Thread 0x000002838564d260 Exception <a 'sun/nio/fs/WindowsException'{0x00000000d7fb7300}> (0x00000000d7fb7300) 
thrown [s\src\hotspot\share\prims\jni.cpp, line 520]
Event: 8594.395 Thread 0x000002838564d260 Exception <a 'sun/nio/fs/WindowsException'{0x00000000d7fba968}> (0x00000000d7fba968) 
thrown [s\src\hotspot\share\prims\jni.cpp, line 520]
Event: 8594.395 Thread 0x000002838564d260 Exception <a 'sun/nio/fs/WindowsException'{0x00000000d7fbb230}> (0x00000000d7fbb230) 
thrown [s\src\hotspot\share\prims\jni.cpp, line 520]
Event: 8594.395 Thread 0x000002838564d260 Exception <a 'sun/nio/fs/WindowsException'{0x00000000d7fbc718}> (0x00000000d7fbc718) 
thrown [s\src\hotspot\share\prims\jni.cpp, line 520]
Event: 8594.395 Thread 0x000002838564d260 Exception <a 'sun/nio/fs/WindowsException'{0x00000000d7fbcfe0}> (0x00000000d7fbcfe0) 
thrown [s\src\hotspot\share\prims\jni.cpp, line 520]
Event: 8594.395 Thread 0x000002838564d260 Exception <a 'sun/nio/fs/WindowsException'{0x00000000d7fca188}> (0x00000000d7fca188) 
thrown [s\src\hotspot\share\prims\jni.cpp, line 520]
Event: 8594.395 Thread 0x000002838564d260 Exception <a 'sun/nio/fs/WindowsException'{0x00000000d7fcaa50}> (0x00000000d7fcaa50) 
thrown [s\src\hotspot\share\prims\jni.cpp, line 520]
Event: 8594.395 Thread 0x000002838564d260 Exception <a 'sun/nio/fs/WindowsException'{0x00000000d7fcbf38}> (0x00000000d7fcbf38) 
thrown [s\src\hotspot\share\prims\jni.cpp, line 520]
Event: 8594.396 Thread 0x000002838564d260 Exception <a 'sun/nio/fs/WindowsException'{0x00000000d7fcc800}> (0x00000000d7fcc800) 
thrown [s\src\hotspot\share\prims\jni.cpp, line 520]

ZGC Phase Switch (0 events):
No events

VM Operations (20 events):
Event: 8595.417 Executing VM operation: Cleanup
Event: 8595.417 Executing VM operation: Cleanup done
Event: 9116.309 Executing VM operation: ParallelGCFailedAllocation (Allocation Failure)
Event: 9116.321 Executing VM operation: ParallelGCFailedAllocation (Allocation Failure) done
Event: 9116.509 Executing VM operation: ParallelGCFailedAllocation (Allocation Failure)
Event: 9116.518 Executing VM operation: ParallelGCFailedAllocation (Allocation Failure) done
Event: 9117.532 Executing VM operation: Cleanup
Event: 9117.532 Executing VM operation: Cleanup done
Event: 10282.464 Executing VM operation: HandshakeAllThreads (HandshakeForDeflation)
Event: 10282.464 Executing VM operation: HandshakeAllThreads (HandshakeForDeflation) done
Event: 10282.464 Executing VM operation: RendezvousGCThreads
Event: 10282.464 Executing VM operation: RendezvousGCThreads done
Event: 11184.295 Executing VM operation: HandshakeAllThreads (HandshakeForDeflation)
Event: 11184.295 Executing VM operation: HandshakeAllThreads (HandshakeForDeflation) done
Event: 11184.295 Executing VM operation: RendezvousGCThreads
Event: 11184.295 Executing VM operation: RendezvousGCThreads done
Event: 12025.963 Executing VM operation: HandshakeAllThreads (HandshakeForDeflation)
Event: 12025.963 Executing VM operation: HandshakeAllThreads (HandshakeForDeflation) done
Event: 12025.963 Executing VM operation: RendezvousGCThreads
Event: 12025.963 Executing VM operation: RendezvousGCThreads done

Memory protections (0 events):
No events

Nmethod flushes (20 events):
Event: 8348.427 Thread 0x00000283a1590b10 flushing  nmethod 0x00000283a801b690
Event: 8348.427 Thread 0x00000283a1590b10 flushing  nmethod 0x00000283a803be10
Event: 8348.427 Thread 0x00000283a1590b10 flushing  nmethod 0x00000283a8043e90
Event: 8348.427 Thread 0x00000283a1590b10 flushing  nmethod 0x00000283a8051b90
Event: 8348.427 Thread 0x00000283a1590b10 flushing  nmethod 0x00000283a805b710
Event: 8348.427 Thread 0x00000283a1590b10 flushing  nmethod 0x00000283a809cf90
Event: 8348.427 Thread 0x00000283a1590b10 flushing  nmethod 0x00000283a8147010
Event: 8348.427 Thread 0x00000283a1590b10 flushing  nmethod 0x00000283a814fc10
Event: 8348.427 Thread 0x00000283a1590b10 flushing  nmethod 0x00000283a8229210
Event: 8348.427 Thread 0x00000283a1590b10 flushing  nmethod 0x00000283a8234a90
Event: 8348.427 Thread 0x00000283a1590b10 flushing  nmethod 0x00000283a8272c10
Event: 8348.427 Thread 0x00000283a1590b10 flushing  nmethod 0x00000283a8275210
Event: 8348.427 Thread 0x00000283a1590b10 flushing  nmethod 0x00000283a8359710
Event: 8348.427 Thread 0x00000283a1590b10 flushing  nmethod 0x00000283a83b6690
Event: 8348.427 Thread 0x00000283a1590b10 flushing  nmethod 0x00000283a83b8c90
Event: 8348.427 Thread 0x00000283a1590b10 flushing  nmethod 0x00000283a840c190
Event: 8348.427 Thread 0x00000283a1590b10 flushing  nmethod 0x00000283a842dc10
Event: 8348.427 Thread 0x00000283a1590b10 flushing  nmethod 0x00000283a844af10
Event: 8348.427 Thread 0x00000283a1590b10 flushing  nmethod 0x00000283a8495f90
Event: 8348.427 Thread 0x00000283a1590b10 flushing  nmethod 0x00000283a84aae10

Events (20 events):
Event: 8651.843 Thread 0x000002838cc49190 Thread exited: 0x000002838cc49190
Event: 8651.843 Thread 0x000002838cc48b00 Thread exited: 0x000002838cc48b00
Event: 8651.891 Thread 0x000002838cc4b8f0 Thread exited: 0x000002838cc4b8f0
Event: 8664.491 Thread 0x0000028387377e20 Thread exited: 0x0000028387377e20
Event: 8710.726 Thread 0x0000028388a5fae0 Thread exited: 0x0000028388a5fae0
Event: 8724.492 Thread 0x000002838737b2a0 Thread exited: 0x000002838737b2a0
Event: 8770.732 Thread 0x0000028388a5b940 Thread exited: 0x0000028388a5b940
Event: 8784.493 Thread 0x0000028387378b40 Thread exited: 0x0000028387378b40
Event: 8830.740 Thread 0x0000028388a5bfd0 Thread exited: 0x0000028388a5bfd0
Event: 8844.505 Thread 0x0000028387376a70 Thread exited: 0x0000028387376a70
Event: 8890.739 Thread 0x0000028388a59f00 Thread exited: 0x0000028388a59f00
Event: 8904.519 Thread 0x00000283893849c0 Thread exited: 0x00000283893849c0
Event: 8950.750 Thread 0x000002838564b190 Thread exited: 0x000002838564b190
Event: 8964.532 Thread 0x0000028387379860 Thread exited: 0x0000028387379860
Event: 9010.754 Thread 0x00000283856490c0 Thread exited: 0x00000283856490c0
Event: 9070.755 Thread 0x0000028388a5edc0 Thread exited: 0x0000028388a5edc0
Event: 9130.769 Thread 0x000002838564b820 Thread exited: 0x000002838564b820
Event: 9190.784 Thread 0x0000028388a5a590 Thread exited: 0x0000028388a5a590
Event: 9250.797 Thread 0x000002838564a470 Thread exited: 0x000002838564a470
Event: 9310.810 Thread 0x0000028388a5ac20 Thread exited: 0x0000028388a5ac20


Dynamic libraries:
0x00007ff6aba70000 - 0x00007ff6aba7e000 	c:\Users\nguye\.vscode\extensions\redhat.java-1.50.0-win32-x64\jre\21.0.9-win32-x86_64\bin\java.exe
0x00007ff9b6e70000 - 0x00007ff9b7088000 	C:\WINDOWS\SYSTEM32\ntdll.dll
0x00007ff9b67c0000 - 0x00007ff9b6884000 	C:\WINDOWS\System32\KERNEL32.DLL
0x00007ff9b44c0000 - 0x00007ff9b4893000 	C:\WINDOWS\System32\KERNELBASE.dll
0x00007ff9b48a0000 - 0x00007ff9b49b1000 	C:\WINDOWS\System32\ucrtbase.dll
0x00007ff98fd00000 - 0x00007ff98fd1e000 	c:\Users\nguye\.vscode\extensions\redhat.java-1.50.0-win32-x64\jre\21.0.9-win32-x86_64\bin\VCRUNTIME140.dll
0x00007ff974cd0000 - 0x00007ff974ce8000 	c:\Users\nguye\.vscode\extensions\redhat.java-1.50.0-win32-x64\jre\21.0.9-win32-x86_64\bin\jli.dll
0x00007ff9b5610000 - 0x00007ff9b57c2000 	C:\WINDOWS\System32\USER32.dll
0x00007ff9b49c0000 - 0x00007ff9b49e6000 	C:\WINDOWS\System32\win32u.dll
0x00007ff9a6cf0000 - 0x00007ff9a6f8c000 	C:\WINDOWS\WinSxS\amd64_microsoft.windows.common-controls_6595b64144ccf1df_6.0.22621.6060_none_2712eda17382d24b\COMCTL32.dll
0x00007ff9b6b00000 - 0x00007ff9b6b29000 	C:\WINDOWS\System32\GDI32.dll
0x00007ff9b6d80000 - 0x00007ff9b6e27000 	C:\WINDOWS\System32\msvcrt.dll
0x00007ff9b49f0000 - 0x00007ff9b4b0b000 	C:\WINDOWS\System32\gdi32full.dll
0x00007ff9b43f0000 - 0x00007ff9b448a000 	C:\WINDOWS\System32\msvcp_win.dll
0x00007ff9b5b20000 - 0x00007ff9b5b51000 	C:\WINDOWS\System32\IMM32.DLL
0x00007ff986f60000 - 0x00007ff986f6c000 	c:\Users\nguye\.vscode\extensions\redhat.java-1.50.0-win32-x64\jre\21.0.9-win32-x86_64\bin\vcruntime140_1.dll
0x00007ff92cf20000 - 0x00007ff92cfad000 	c:\Users\nguye\.vscode\extensions\redhat.java-1.50.0-win32-x64\jre\21.0.9-win32-x86_64\bin\msvcp140.dll
0x00007ff87ad20000 - 0x00007ff87bac0000 	c:\Users\nguye\.vscode\extensions\redhat.java-1.50.0-win32-x64\jre\21.0.9-win32-x86_64\bin\server\jvm.dll
0x00007ff9b61f0000 - 0x00007ff9b62a1000 	C:\WINDOWS\System32\ADVAPI32.dll
0x00007ff9b53d0000 - 0x00007ff9b5478000 	C:\WINDOWS\System32\sechost.dll
0x00007ff9b4490000 - 0x00007ff9b44b8000 	C:\WINDOWS\System32\bcrypt.dll
0x00007ff9b57d0000 - 0x00007ff9b58e8000 	C:\WINDOWS\System32\RPCRT4.dll
0x00007ff9b5480000 - 0x00007ff9b54f1000 	C:\WINDOWS\System32\WS2_32.dll
0x00007ff9b2d90000 - 0x00007ff9b2ddd000 	C:\WINDOWS\SYSTEM32\POWRPROF.dll
0x00007ff9ab7d0000 - 0x00007ff9ab804000 	C:\WINDOWS\SYSTEM32\WINMM.dll
0x00007ff9a9e30000 - 0x00007ff9a9e3a000 	C:\WINDOWS\SYSTEM32\VERSION.dll
0x00007ff9b2d70000 - 0x00007ff9b2d83000 	C:\WINDOWS\SYSTEM32\UMPDC.dll
0x00007ff9b3010000 - 0x00007ff9b3028000 	C:\WINDOWS\SYSTEM32\kernel.appcore.dll
0x00007ff973a70000 - 0x00007ff973a7a000 	c:\Users\nguye\.vscode\extensions\redhat.java-1.50.0-win32-x64\jre\21.0.9-win32-x86_64\bin\jimage.dll
0x00007ff9b1350000 - 0x00007ff9b1583000 	C:\WINDOWS\SYSTEM32\DBGHELP.DLL
0x00007ff9b6420000 - 0x00007ff9b67b1000 	C:\WINDOWS\System32\combase.dll
0x00007ff9b6040000 - 0x00007ff9b6118000 	C:\WINDOWS\System32\OLEAUT32.dll
0x00007ff9a45e0000 - 0x00007ff9a4612000 	C:\WINDOWS\SYSTEM32\dbgcore.DLL
0x00007ff9b4040000 - 0x00007ff9b40bb000 	C:\WINDOWS\System32\bcryptPrimitives.dll
0x00007ff971ef0000 - 0x00007ff971eff000 	c:\Users\nguye\.vscode\extensions\redhat.java-1.50.0-win32-x64\jre\21.0.9-win32-x86_64\bin\instrument.dll
0x00007ff971b30000 - 0x00007ff971b50000 	c:\Users\nguye\.vscode\extensions\redhat.java-1.50.0-win32-x64\jre\21.0.9-win32-x86_64\bin\java.dll
0x00007ff9b4b10000 - 0x00007ff9b53ac000 	C:\WINDOWS\System32\SHELL32.dll
0x00007ff9b42b0000 - 0x00007ff9b43ef000 	C:\WINDOWS\System32\wintypes.dll
0x00007ff9b1e40000 - 0x00007ff9b275a000 	C:\WINDOWS\SYSTEM32\windows.storage.dll
0x00007ff9b6310000 - 0x00007ff9b6414000 	C:\WINDOWS\System32\SHCORE.dll
0x00007ff9b5ab0000 - 0x00007ff9b5b19000 	C:\WINDOWS\System32\shlwapi.dll
0x00007ff9b3eb0000 - 0x00007ff9b3ed5000 	C:\WINDOWS\SYSTEM32\profapi.dll
0x00007ff971390000 - 0x00007ff9713a8000 	c:\Users\nguye\.vscode\extensions\redhat.java-1.50.0-win32-x64\jre\21.0.9-win32-x86_64\bin\zip.dll
0x00007ff972070000 - 0x00007ff972080000 	C:\Users\nguye\.vscode\extensions\redhat.java-1.50.0-win32-x64\jre\21.0.9-win32-x86_64\bin\net.dll
0x00007ff9ac380000 - 0x00007ff9ac4ac000 	C:\WINDOWS\SYSTEM32\WINHTTP.dll
0x00007ff9b34e0000 - 0x00007ff9b3549000 	C:\WINDOWS\system32\mswsock.dll
0x00007ff96c920000 - 0x00007ff96c936000 	C:\Users\nguye\.vscode\extensions\redhat.java-1.50.0-win32-x64\jre\21.0.9-win32-x86_64\bin\nio.dll
0x00007ff972060000 - 0x00007ff972070000 	c:\Users\nguye\.vscode\extensions\redhat.java-1.50.0-win32-x64\jre\21.0.9-win32-x86_64\bin\verify.dll
0x00007ff96b540000 - 0x00007ff96b584000 	C:\Users\nguye\AppData\Roaming\Code\User\globalStorage\redhat.java\1.50.0\config_win\org.eclipse.equinox.launcher\org.eclipse.equinox.launcher.win32.win32.x86_64_1.2.1400.v20250801-0854\eclipse_11916.dll
0x00007ff9b68a0000 - 0x00007ff9b6a41000 	C:\WINDOWS\System32\ole32.dll
0x00007ff971e70000 - 0x00007ff971e7a000 	C:\Users\nguye\.vscode\extensions\redhat.java-1.50.0-win32-x64\jre\21.0.9-win32-x86_64\bin\management.dll
0x00007ff96bf20000 - 0x00007ff96bf2c000 	C:\Users\nguye\.vscode\extensions\redhat.java-1.50.0-win32-x64\jre\21.0.9-win32-x86_64\bin\management_ext.dll
0x00007ff9b6030000 - 0x00007ff9b6038000 	C:\WINDOWS\System32\PSAPI.DLL
0x00007ff9b3700000 - 0x00007ff9b371b000 	C:\WINDOWS\SYSTEM32\CRYPTSP.dll
0x00007ff9b2f70000 - 0x00007ff9b2fa7000 	C:\WINDOWS\system32\rsaenh.dll
0x00007ff9b35a0000 - 0x00007ff9b35c8000 	C:\WINDOWS\SYSTEM32\USERENV.dll
0x00007ff9b3720000 - 0x00007ff9b372c000 	C:\WINDOWS\SYSTEM32\CRYPTBASE.dll
0x00007ff9b2a30000 - 0x00007ff9b2a5d000 	C:\WINDOWS\SYSTEM32\IPHLPAPI.DLL
0x00007ff9b61c0000 - 0x00007ff9b61c9000 	C:\WINDOWS\System32\NSI.dll
0x00007ff925f90000 - 0x00007ff925fd9000 	C:\Users\nguye\AppData\Local\Temp\jna-104772072\jna15968732856868221471.dll
0x00007ff9ac2b0000 - 0x00007ff9ac2c9000 	C:\WINDOWS\SYSTEM32\dhcpcsvc6.DLL
0x00007ff9ac1e0000 - 0x00007ff9ac1ff000 	C:\WINDOWS\SYSTEM32\dhcpcsvc.DLL
0x00007ff96c130000 - 0x00007ff96c13e000 	C:\Users\nguye\.vscode\extensions\redhat.java-1.50.0-win32-x64\jre\21.0.9-win32-x86_64\bin\sunmscapi.dll
0x00007ff9b4140000 - 0x00007ff9b42a8000 	C:\WINDOWS\System32\CRYPT32.dll
0x00007ff9b3920000 - 0x00007ff9b394e000 	C:\WINDOWS\SYSTEM32\ncrypt.dll
0x00007ff9b38e0000 - 0x00007ff9b3917000 	C:\WINDOWS\SYSTEM32\NTASN1.dll
0x00007ff9b2aa0000 - 0x00007ff9b2b98000 	C:\WINDOWS\SYSTEM32\DNSAPI.dll
0x000000005a7a0000 - 0x000000005a7c6000 	C:\Program Files\Bonjour\mdnsNSP.dll
0x00007ff9ac370000 - 0x00007ff9ac37a000 	C:\Windows\System32\rasadhlp.dll
0x00007ff9aba50000 - 0x00007ff9abad4000 	C:\WINDOWS\System32\fwpuclnt.dll
0x00007ff96c120000 - 0x00007ff96c129000 	C:\Users\nguye\.vscode\extensions\redhat.java-1.50.0-win32-x64\jre\21.0.9-win32-x86_64\bin\extnet.dll

JVMTI agents:
c:\Users\nguye\.vscode\extensions\redhat.java-1.50.0-win32-x64\lombok\lombok-1.18.39-4050.jar path:c:\Users\nguye\.vscode\extensions\redhat.java-1.50.0-win32-x64\jre\21.0.9-win32-x86_64\bin\instrument.dll, loaded, initialized, instrumentlib options:none

dbghelp: loaded successfully - version: 4.0.5 - missing functions: none
symbol engine: initialized successfully - sym options: 0x614 - pdb path: .;c:\Users\nguye\.vscode\extensions\redhat.java-1.50.0-win32-x64\jre\21.0.9-win32-x86_64\bin;C:\WINDOWS\SYSTEM32;C:\WINDOWS\WinSxS\amd64_microsoft.windows.common-controls_6595b64144ccf1df_6.0.22621.6060_none_2712eda17382d24b;c:\Users\nguye\.vscode\extensions\redhat.java-1.50.0-win32-x64\jre\21.0.9-win32-x86_64\bin\server;C:\Users\nguye\AppData\Roaming\Code\User\globalStorage\redhat.java\1.50.0\config_win\org.eclipse.equinox.launcher\org.eclipse.equinox.launcher.win32.win32.x86_64_1.2.1400.v20250801-0854;C:\Users\nguye\AppData\Local\Temp\jna-104772072;C:\Program Files\Bonjour

VM Arguments:
jvm_args: --add-modules=ALL-SYSTEM --add-opens=java.base/java.util=ALL-UNNAMED --add-opens=java.base/java.lang=ALL-UNNAMED --add-opens=java.base/sun.nio.fs=ALL-UNNAMED -Declipse.application=org.eclipse.jdt.ls.core.id1 -Dosgi.bundles.defaultStartLevel=4 -Declipse.product=org.eclipse.jdt.ls.core.product -Djava.import.generatesMetadataFilesAtProjectRoot=false -DDetectVMInstallationsJob.disabled=true -Dfile.encoding=utf8 -XX:+UseParallelGC -XX:GCTimeRatio=4 -XX:AdaptiveSizePolicyWeight=90 -Dsun.zip.disableMemoryMapping=true -Xmx2G -Xms100m -Xlog:disable -javaagent:c:\Users\nguye\.vscode\extensions\redhat.java-1.50.0-win32-x64\lombok\lombok-1.18.39-4050.jar -XX:+HeapDumpOnOutOfMemoryError -XX:HeapDumpPath=c:\Users\nguye\AppData\Roaming\Code\User\workspaceStorage\06166e67fd30195ec54334ec4df9f8d0\redhat.java -Daether.dependencyCollector.impl=bf 
java_command: c:\Users\nguye\.vscode\extensions\redhat.java-1.50.0-win32-x64\server\plugins\org.eclipse.equinox.launcher_1.7.100.v20251111-0406.jar -configuration c:\Users\nguye\AppData\Roaming\Code\User\globalStorage\redhat.java\1.50.0\config_win -data c:\Users\nguye\AppData\Roaming\Code\User\workspaceStorage\06166e67fd30195ec54334ec4df9f8d0\redhat.java\jdt_ws --pipe=\\.\pipe\lsp-9609b746da8c57e98a808f534fcec7f4-sock
java_class_path (initial): c:\Users\nguye\.vscode\extensions\redhat.java-1.50.0-win32-x64\server\plugins\org.eclipse.equinox.launcher_1.7.100.v20251111-0406.jar
Launcher Type: SUN_STANDARD

[Global flags]
    uintx AdaptiveSizePolicyWeight                 = 90                                        {product} {command line}
     intx CICompilerCount                          = 12                                        {product} {ergonomic}
    uintx GCTimeRatio                              = 4                                         {product} {command line}
     bool HeapDumpOnOutOfMemoryError               = true                                   {manageable} {command line}
    ccstr HeapDumpPath                             = c:\Users\nguye\AppData\Roaming\Code\User\workspaceStorage\06166e67fd30195ec54334ec4df9f8d0\redhat.java         {manageable} {command line}
   size_t InitialHeapSize                          = 104857600                                 {product} {command line}
   size_t MaxHeapSize                              = 2147483648                                {product} {command line}
   size_t MaxNewSize                               = 715653120                                 {product} {ergonomic}
   size_t MinHeapDeltaBytes                        = 524288                                    {product} {ergonomic}
   size_t MinHeapSize                              = 104857600                                 {product} {command line}
   size_t NewSize                                  = 34603008                                  {product} {ergonomic}
    uintx NonNMethodCodeHeapSize                   = 7602480                                {pd product} {ergonomic}
    uintx NonProfiledCodeHeapSize                  = 122027880                              {pd product} {ergonomic}
   size_t OldSize                                  = 70254592                                  {product} {ergonomic}
    uintx ProfiledCodeHeapSize                     = 122027880                              {pd product} {ergonomic}
    uintx ReservedCodeCacheSize                    = 251658240                              {pd product} {ergonomic}
     bool SegmentedCodeCache                       = true                                      {product} {ergonomic}
   size_t SoftMaxHeapSize                          = 2147483648                             {manageable} {ergonomic}
     bool UseCompressedOops                        = true                           {product lp64_product} {ergonomic}
     bool UseLargePagesIndividualAllocation        = false                                  {pd product} {ergonomic}
     bool UseParallelGC                            = true                                      {product} {command line}

Logging:
Log output configuration:
 #0: stdout all=off uptime,level,tags foldmultilines=false
 #1: stderr all=off uptime,level,tags foldmultilines=false

Release file:
JAVA_VERSION="21.0.9" 
MODULES="java.base java.compiler java.datatransfer java.xml java.prefs java.desktop java.instrument java.logging java.management java.security.sasl java.naming java.rmi java.management.rmi java.net.http java.scripting java.security.jgss java.transaction.xa java.sql java.sql.rowset java.xml.crypto java.se java.smartcardio jdk.accessibility jdk.internal.jvmstat jdk.attach jdk.charsets jdk.internal.opt jdk.zipfs jdk.compiler jdk.crypto.ec jdk.crypto.cryptoki jdk.crypto.mscapi jdk.dynalink jdk.internal.ed jdk.editpad jdk.hotspot.agent jdk.httpserver jdk.internal.le jdk.internal.vm.ci jdk.internal.vm.compiler jdk.internal.vm.compiler.management jdk.jartool jdk.javadoc jdk.jcmd jdk.management jdk.management.agent jdk.jconsole jdk.jdeps jdk.jdwp.agent jdk.jdi jdk.jfr jdk.jshell jdk.jsobject jdk.jstatd jdk.localedata jdk.management.jfr jdk.naming.dns jdk.naming.rmi jdk.net jdk.nio.mapmode jdk.random jdk.sctp jdk.security.auth jdk.security.jgss jdk.unsupported jdk.unsupported.desktop jdk.xml.dom" 

Environment Variables:
JAVA_HOME=C:\Program Files\Java\jdk-21
PATH=C:\Program Files\Java\jdk-21\bin;C:\Program Files\Java\jdk-21\bin;C:\dev\apache-maven-3.9.11-bin\apache-maven-3.9.11\bin;C:\Program Files\Common Files\Oracle\Java\javapath;C:\Windows\system32;C:\Windows;C:\Windows\System32\Wbem;C:\Windows\System32\WindowsPowerShell\v1.0\;C:\Windows\System32\OpenSSH\;C:\Program Files (x86)\NVIDIA Corporation\PhysX\Common;C:\WINDOWS\system32;C:\WINDOWS;C:\WINDOWS\System32\Wbem;C:\WINDOWS\System32\WindowsPowerShell\v1.0\;C:\WINDOWS\System32\OpenSSH\;C:\Program Files\Microsoft SQL Server\150\Tools\Binn\;C:\Program Files\Microsoft SQL Server\Client SDK\ODBC\170\Tools\Binn\;C:\Program Files\dotnet\;C:\Program Files (x86)\Windows Kits\10\Windows Performance Toolkit\;C:\Program Files\Git\cmd;C:\Program Files (x86)\Microsoft SQL Server\160\DTS\Binn\;C:\Program Files (x86)\Microsoft SQL Server\160\Tools\Binn\;C:\Program Files\Microsoft SQL Server\160\Tools\Binn\;C:\Program Files\Microsoft SQL Server\160\DTS\Binn\;C:\Program Files\nodejs\;C:\ProgramData\ComposerSetup\bin;C:\Program Files\NVIDIA Corporation\NVIDIA App\NvDLISR;C:\Program Files\Docker\Docker\resources\bin;C:\Program Files\Cloudflare\Cloudflare WARP\;C:\dev\apache-maven-3.9.11-bin\apache-maven-3.9.11\bin;C:\Program Files\Apache\Maven\apache-maven-3.9.9\bin;C:\Program Files\Eclipse Adoptium\jdk-21\bin;C:\Program Files\Eclipse Adoptium\jdk-21.0.8.9-hotspot\bin;C:\Program Files (x86)\Common Files\Oracle\Java\java8path;C:\Program Files (x86)\Common Files\Oracle\Java\javapath;C:\Windows\system32;C:\Windows;C:\Windows\System32\Wbem;C:\Windows\System32\WindowsPowerShell\v1.0\;C:\Windows\System32\OpenSSH\;C:\Program Files (x86)\NVIDIA Corporation\PhysX\Common;C:\WINDOWS\system32;C:\WINDOWS;C:\WINDOWS\System32\Wbem;C:\WINDOWS\System32\WindowsPowerShell\v1.0\;C:\WINDOWS\System32\OpenSSH\;C:\Program Files\Microsoft SQL Server\150\Tools\Binn\;C:\Program Files\Microsoft SQL Server\Client SDK\ODBC\170\Tools\Binn\;C:\Program Files\dotnet\;C:\Program Files (x86)\Windows Kits\10\Windows Performance Toolkit\;C:\Program Files\Git\cmd;C:\Program Files (x86)\Microsoft SQL Server\160\DTS\Binn\;C:\Program Files (x86)\Microsoft SQL Server\160\Tools\Binn\;C:\Program Files\Microsoft SQL Server\160\Tools\Binn\;C:\Program Files\Microsof;C:\Program Files\JetBrains\IntelliJ IDEA 2025.2.4\bin;C:\Users\nguye\AppData\Local\Programs\Microsoft VS Code\bin;C:\Users\nguye\develop\flutter\bin;D:\app\JetBrains Rider 2025.3.0.2\bin
USERNAME=nguye
OS=Windows_NT
PROCESSOR_IDENTIFIER=Intel64 Family 6 Model 154 Stepping 3, GenuineIntel
TMP=C:\Users\nguye\AppData\Local\Temp
TEMP=C:\Users\nguye\AppData\Local\Temp




Periodic native trim disabled

---------------  S Y S T E M  ---------------

OS:
 Windows 11 , 64 bit Build 22621 (10.0.22621.5415)
OS uptime: 0 days 18:22 hours
Hyper-V role detected

CPU: total 16 (initial active 16) (8 cores per cpu, 2 threads per core) family 6 model 154 stepping 3 microcode 0x41b, cx8, cmov, fxsr, ht, mmx, 3dnowpref, sse, sse2, sse3, ssse3, sse4.1, sse4.2, popcnt, lzcnt, tsc, tscinvbit, avx, avx2, aes, erms, clmul, bmi1, bmi2, adx, sha, fma, vzeroupper, clflush, clflushopt, clwb, hv, serialize, rdtscp, rdpid, fsrm, f16c, cet_ibt, cet_ss
Processor Information for processor 0
  Max Mhz: 3100, Current Mhz: 3100, Mhz Limit: 3100
Processor Information for processor 1
  Max Mhz: 3100, Current Mhz: 3100, Mhz Limit: 3100
Processor Information for processor 2
  Max Mhz: 3100, Current Mhz: 3100, Mhz Limit: 3100
Processor Information for processor 3
  Max Mhz: 3100, Current Mhz: 3100, Mhz Limit: 3100
Processor Information for processor 4
  Max Mhz: 3100, Current Mhz: 3100, Mhz Limit: 3100
Processor Information for processor 5
  Max Mhz: 3100, Current Mhz: 3100, Mhz Limit: 3100
Processor Information for processor 6
  Max Mhz: 3100, Current Mhz: 3100, Mhz Limit: 3100
Processor Information for processor 7
  Max Mhz: 3100, Current Mhz: 3100, Mhz Limit: 3100
Processor Information for processor 8
  Max Mhz: 3100, Current Mhz: 2232, Mhz Limit: 2232
Processor Information for processor 9
  Max Mhz: 3100, Current Mhz: 2232, Mhz Limit: 2232
Processor Information for processor 10
  Max Mhz: 3100, Current Mhz: 2232, Mhz Limit: 2232
Processor Information for processor 11
  Max Mhz: 3100, Current Mhz: 2232, Mhz Limit: 2232
Processor Information for processor 12
  Max Mhz: 3100, Current Mhz: 2232, Mhz Limit: 2232
Processor Information for processor 13
  Max Mhz: 3100, Current Mhz: 2232, Mhz Limit: 2232
Processor Information for processor 14
  Max Mhz: 3100, Current Mhz: 2232, Mhz Limit: 2232
Processor Information for processor 15
  Max Mhz: 3100, Current Mhz: 2232, Mhz Limit: 2232

Memory: 4k page, system-wide physical 16088M (486M free)
TotalPageFile size 42757M (AvailPageFile size 0M)
current process WorkingSet (physical memory assigned to process): 19M, peak: 1825M
current process commit charge ("private bytes"): 1790M, peak: 1941M

vm_info: OpenJDK 64-Bit Server VM (21.0.9+10-LTS) for windows-amd64 JRE (21.0.9+10-LTS), built on 2025-10-21T00:00:00Z by "admin" with unknown MS VC++:1942

END.
